2024-01-15 00:00:01  INFO  Cache hit for key=251
2024-01-15 00:00:03  INFO  Scheduled job completed: 90
2024-01-15 00:00:07  INFO  User login successful for user_id=224
2024-01-15 00:00:12  INFO  Scheduled job completed: 204
2024-01-15 00:00:17  INFO  API request processed successfully endpoint=/api/v1/604
2024-01-15 00:00:18  INFO  Database query completed in 715ms
2024-01-15 00:00:21  INFO  Database query completed in 981ms
2024-01-15 00:00:24  INFO  API request processed successfully endpoint=/api/v1/100
2024-01-15 00:00:27  INFO  User login successful for user_id=748
2024-01-15 00:00:32  INFO  API request processed successfully endpoint=/api/v1/81
2024-01-15 00:00:35  INFO  Scheduled job completed: 907
2024-01-15 00:00:38  INFO  User login successful for user_id=47
2024-01-15 00:00:40  INFO  User login successful for user_id=876
2024-01-15 00:00:41  INFO  API request processed successfully endpoint=/api/v1/651
2024-01-15 00:00:44  INFO  Cache hit for key=215
2024-01-15 00:00:47  INFO  User login successful for user_id=624
2024-01-15 00:00:49  INFO  Database query completed in 168ms
2024-01-15 00:00:53  INFO  Scheduled job completed: 225
2024-01-15 00:00:56  INFO  User login successful for user_id=235
2024-01-15 00:00:57  INFO  API request processed successfully endpoint=/api/v1/275
2024-01-15 00:00:59  INFO  Scheduled job completed: 898
2024-01-15 00:01:02  INFO  API request processed successfully endpoint=/api/v1/406
2024-01-15 00:01:06  INFO  Database query completed in 253ms
2024-01-15 00:01:11  INFO  Scheduled job completed: 439
2024-01-15 00:01:16  INFO  Database query completed in 142ms
2024-01-15 00:01:20  INFO  User login successful for user_id=882
2024-01-15 00:01:22  INFO  API request processed successfully endpoint=/api/v1/611
2024-01-15 00:01:26  INFO  API request processed successfully endpoint=/api/v1/542
2024-01-15 00:01:31  INFO  User login successful for user_id=697
2024-01-15 00:01:32  INFO  Scheduled job completed: 769
2024-01-15 00:01:35  INFO  API request processed successfully endpoint=/api/v1/162
2024-01-15 00:01:36  WARNING  Retry attempt 270 for service=498
2024-01-15 00:01:41  INFO  Scheduled job completed: 935
2024-01-15 00:01:44  INFO  Scheduled job completed: 624
2024-01-15 00:01:46  INFO  Database query completed in 553ms
2024-01-15 00:01:51  INFO  Scheduled job completed: 332
2024-01-15 00:01:52  INFO  Cache hit for key=900
2024-01-15 00:01:55  INFO  Database query completed in 900ms
2024-01-15 00:01:56  INFO  API request processed successfully endpoint=/api/v1/836
2024-01-15 00:02:01  INFO  Database query completed in 676ms
2024-01-15 00:02:06  INFO  Scheduled job completed: 894
2024-01-15 00:02:10  WARNING  Retry attempt 774 for service=374
2024-01-15 00:02:12  INFO  API request processed successfully endpoint=/api/v1/688
2024-01-15 00:02:15  INFO  Scheduled job completed: 463
2024-01-15 00:02:17  INFO  Cache hit for key=22
2024-01-15 00:02:22  INFO  Database query completed in 8ms
2024-01-15 00:02:23  INFO  User login successful for user_id=881
2024-01-15 00:02:24  INFO  Cache hit for key=686
2024-01-15 00:02:26  INFO  Scheduled job completed: 591
2024-01-15 00:02:28  INFO  API request processed successfully endpoint=/api/v1/195
2024-01-15 00:02:29  INFO  Cache hit for key=434
2024-01-15 00:02:33  INFO  User login successful for user_id=690
2024-01-15 00:02:34  INFO  Cache hit for key=820
2024-01-15 00:02:35  INFO  Database query completed in 550ms
2024-01-15 00:02:37  INFO  Cache hit for key=474
2024-01-15 00:02:38  INFO  Scheduled job completed: 101
2024-01-15 00:02:43  INFO  User login successful for user_id=949
2024-01-15 00:02:45  INFO  API request processed successfully endpoint=/api/v1/493
2024-01-15 00:02:49  INFO  Database query completed in 389ms
2024-01-15 00:02:53  INFO  API request processed successfully endpoint=/api/v1/293
2024-01-15 00:02:58  INFO  API request processed successfully endpoint=/api/v1/159
2024-01-15 00:03:01  INFO  User login successful for user_id=594
2024-01-15 00:03:06  INFO  Cache hit for key=59
2024-01-15 00:03:11  INFO  Scheduled job completed: 162
2024-01-15 00:03:16  INFO  Database query completed in 71ms
2024-01-15 00:03:17  INFO  Database query completed in 414ms
2024-01-15 00:03:22  INFO  Scheduled job completed: 41
2024-01-15 00:03:23  INFO  Scheduled job completed: 579
2024-01-15 00:03:26  WARNING  High memory usage detected: 686%
2024-01-15 00:03:29  INFO  API request processed successfully endpoint=/api/v1/135
2024-01-15 00:03:32  INFO  User login successful for user_id=10
2024-01-15 00:03:37  ERROR  Connection timeout to database host=76
2024-01-15 00:03:39  INFO  Database query completed in 956ms
2024-01-15 00:03:40  INFO  Cache hit for key=292
2024-01-15 00:03:44  INFO  Cache hit for key=627
2024-01-15 00:03:49  INFO  Scheduled job completed: 307
2024-01-15 00:03:50  WARNING  High memory usage detected: 271%
2024-01-15 00:03:51  INFO  Database query completed in 279ms
2024-01-15 00:03:56  INFO  Cache hit for key=209
2024-01-15 00:03:59  INFO  Cache hit for key=928
2024-01-15 00:04:00  INFO  API request processed successfully endpoint=/api/v1/850
2024-01-15 00:04:01  INFO  Database query completed in 653ms
2024-01-15 00:04:03  INFO  Scheduled job completed: 723
2024-01-15 00:04:08  INFO  User login successful for user_id=968
2024-01-15 00:04:10  INFO  Cache hit for key=597
2024-01-15 00:04:12  INFO  User login successful for user_id=316
2024-01-15 00:04:13  INFO  Database query completed in 699ms
2024-01-15 00:04:14  INFO  Scheduled job completed: 906
2024-01-15 00:04:18  WARNING  Retry attempt 159 for service=474
2024-01-15 00:04:20  INFO  Database query completed in 903ms
2024-01-15 00:04:21  INFO  Cache hit for key=802
2024-01-15 00:04:25  INFO  Database query completed in 274ms
2024-01-15 00:04:26  INFO  User login successful for user_id=880
2024-01-15 00:04:28  INFO  API request processed successfully endpoint=/api/v1/359
2024-01-15 00:04:30  INFO  Database query completed in 409ms
2024-01-15 00:04:33  INFO  Cache hit for key=360
2024-01-15 00:04:38  INFO  Scheduled job completed: 340
2024-01-15 00:04:39  INFO  Cache hit for key=183
2024-01-15 00:04:42  INFO  Scheduled job completed: 445
2024-01-15 00:04:45  INFO  Scheduled job completed: 119
2024-01-15 00:04:50  INFO  User login successful for user_id=726
2024-01-15 00:04:51  INFO  Scheduled job completed: 704
2024-01-15 00:04:53  INFO  User login successful for user_id=972
2024-01-15 00:04:56  INFO  User login successful for user_id=738
2024-01-15 00:04:59  INFO  API request processed successfully endpoint=/api/v1/335
2024-01-15 00:05:02  INFO  Database query completed in 431ms
2024-01-15 00:05:06  INFO  Database query completed in 631ms
2024-01-15 00:05:09  INFO  User login successful for user_id=312
2024-01-15 00:05:11  INFO  Scheduled job completed: 622
2024-01-15 00:05:14  INFO  API request processed successfully endpoint=/api/v1/692
2024-01-15 00:05:19  INFO  Database query completed in 675ms
2024-01-15 00:05:22  INFO  Scheduled job completed: 344
2024-01-15 00:05:24  INFO  Database query completed in 826ms
2024-01-15 00:05:26  INFO  Database query completed in 487ms
2024-01-15 00:05:27  INFO  Scheduled job completed: 200
2024-01-15 00:05:31  INFO  Database query completed in 152ms
2024-01-15 00:05:32  INFO  User login successful for user_id=798
2024-01-15 00:05:34  INFO  Scheduled job completed: 476
2024-01-15 00:05:39  INFO  User login successful for user_id=468
2024-01-15 00:05:43  INFO  Scheduled job completed: 610
2024-01-15 00:05:47  INFO  Scheduled job completed: 437
2024-01-15 00:05:52  INFO  Database query completed in 762ms
2024-01-15 00:05:56  INFO  Database query completed in 861ms
2024-01-15 00:05:59  INFO  Scheduled job completed: 497
2024-01-15 00:06:01  INFO  User login successful for user_id=731
2024-01-15 00:06:03  INFO  Cache hit for key=915
2024-01-15 00:06:04  INFO  Database query completed in 393ms
2024-01-15 00:06:06  INFO  User login successful for user_id=425
2024-01-15 00:06:09  INFO  API request processed successfully endpoint=/api/v1/64
2024-01-15 00:06:13  INFO  Scheduled job completed: 969
2024-01-15 00:06:14  INFO  Scheduled job completed: 390
2024-01-15 00:06:15  WARNING  Slow query detected: 772ms
2024-01-15 00:06:19  INFO  Scheduled job completed: 820
2024-01-15 00:06:21  INFO  Cache hit for key=447
2024-01-15 00:06:22  INFO  API request processed successfully endpoint=/api/v1/742
2024-01-15 00:06:26  INFO  Scheduled job completed: 547
2024-01-15 00:06:30  INFO  User login successful for user_id=86
2024-01-15 00:06:34  INFO  API request processed successfully endpoint=/api/v1/187
2024-01-15 00:06:37  INFO  Database query completed in 466ms
2024-01-15 00:06:40  INFO  API request processed successfully endpoint=/api/v1/285
2024-01-15 00:06:44  INFO  User login successful for user_id=482
2024-01-15 00:06:49  INFO  Cache hit for key=230
2024-01-15 00:06:50  INFO  User login successful for user_id=773
2024-01-15 00:06:52  INFO  User login successful for user_id=637
2024-01-15 00:06:54  INFO  User login successful for user_id=578
2024-01-15 00:06:56  INFO  Cache hit for key=786
2024-01-15 00:06:58  INFO  User login successful for user_id=797
2024-01-15 00:07:00  WARNING  High memory usage detected: 593%
2024-01-15 00:07:03  INFO  API request processed successfully endpoint=/api/v1/407
2024-01-15 00:07:05  INFO  Database query completed in 105ms
2024-01-15 00:07:08  INFO  Scheduled job completed: 825
2024-01-15 00:07:13  INFO  Cache hit for key=546
2024-01-15 00:07:16  INFO  Cache hit for key=13
2024-01-15 00:07:20  INFO  User login successful for user_id=444
2024-01-15 00:07:23  INFO  API request processed successfully endpoint=/api/v1/725
2024-01-15 00:07:27  INFO  Scheduled job completed: 989
2024-01-15 00:07:30  INFO  Scheduled job completed: 794
2024-01-15 00:07:34  INFO  Scheduled job completed: 275
2024-01-15 00:07:36  INFO  User login successful for user_id=286
2024-01-15 00:07:40  INFO  API request processed successfully endpoint=/api/v1/584
2024-01-15 00:07:44  INFO  API request processed successfully endpoint=/api/v1/872
2024-01-15 00:07:46  INFO  Cache hit for key=817
2024-01-15 00:07:49  INFO  Scheduled job completed: 719
2024-01-15 00:07:52  INFO  Scheduled job completed: 971
2024-01-15 00:07:53  INFO  API request processed successfully endpoint=/api/v1/501
2024-01-15 00:07:55  INFO  API request processed successfully endpoint=/api/v1/459
2024-01-15 00:07:56  INFO  Database query completed in 415ms
2024-01-15 00:07:58  INFO  Scheduled job completed: 378
2024-01-15 00:08:03  INFO  API request processed successfully endpoint=/api/v1/764
2024-01-15 00:08:06  INFO  API request processed successfully endpoint=/api/v1/278
2024-01-15 00:08:09  INFO  Database query completed in 324ms
2024-01-15 00:08:14  WARNING  Retry attempt 190 for service=99
2024-01-15 00:08:16  INFO  Cache hit for key=742
2024-01-15 00:08:21  INFO  User login successful for user_id=853
2024-01-15 00:08:24  INFO  Database query completed in 310ms
2024-01-15 00:08:29  INFO  User login successful for user_id=998
2024-01-15 00:08:34  INFO  Database query completed in 654ms
2024-01-15 00:08:38  INFO  User login successful for user_id=588
2024-01-15 00:08:42  INFO  Cache hit for key=189
2024-01-15 00:08:43  INFO  API request processed successfully endpoint=/api/v1/117
2024-01-15 00:08:44  INFO  User login successful for user_id=591
2024-01-15 00:08:45  INFO  Scheduled job completed: 972
2024-01-15 00:08:46  ERROR  Connection timeout to database host=572
2024-01-15 00:08:50  INFO  Scheduled job completed: 232
2024-01-15 00:08:55  INFO  API request processed successfully endpoint=/api/v1/305
2024-01-15 00:09:00  ERROR  Null pointer exception in module=583
2024-01-15 00:09:01  INFO  User login successful for user_id=971
2024-01-15 00:09:03  INFO  Cache hit for key=677
2024-01-15 00:09:05  INFO  Scheduled job completed: 77
2024-01-15 00:09:06  INFO  Scheduled job completed: 482
2024-01-15 00:09:07  INFO  Cache hit for key=720
2024-01-15 00:09:11  INFO  Database query completed in 947ms
2024-01-15 00:09:16  INFO  Database query completed in 436ms
2024-01-15 00:09:21  INFO  Database query completed in 931ms
2024-01-15 00:09:23  INFO  Database query completed in 812ms
2024-01-15 00:09:28  INFO  Scheduled job completed: 944
2024-01-15 00:09:32  INFO  Cache hit for key=717
2024-01-15 00:09:35  INFO  API request processed successfully endpoint=/api/v1/449
2024-01-15 00:09:40  INFO  API request processed successfully endpoint=/api/v1/753
2024-01-15 00:09:45  INFO  User login successful for user_id=235
2024-01-15 00:09:50  ERROR  Connection timeout to database host=svc-auth
2024-01-15 00:09:50  ERROR  Connection timeout to database host=db-02
2024-01-15 00:09:50  ERROR  Failed to connect to service=svc-payments
2024-01-15 00:09:50  ERROR  Null pointer exception in module=db-02
2024-01-15 00:09:50  ERROR  Failed to connect to service=svc-payments
2024-01-15 00:09:50  ERROR  Connection timeout to database host=svc-payments
2024-01-15 00:09:50  ERROR  Null pointer exception in module=svc-payments
2024-01-15 00:09:50  ERROR  Null pointer exception in module=svc-auth
2024-01-15 00:09:50  ERROR  Connection timeout to database host=db-02
2024-01-15 00:09:51  ERROR  Null pointer exception in module=svc-payments
2024-01-15 00:09:51  ERROR  Failed to connect to service=svc-auth
2024-01-15 00:09:51  ERROR  Failed to connect to service=db-01
2024-01-15 00:09:51  ERROR  Failed to connect to service=db-01
2024-01-15 00:09:51  ERROR  Null pointer exception in module=svc-auth
2024-01-15 00:09:51  ERROR  Null pointer exception in module=db-01
2024-01-15 00:09:51  ERROR  Failed to connect to service=db-01
2024-01-15 00:09:51  ERROR  Failed to connect to service=svc-payments
2024-01-15 00:09:51  ERROR  Connection timeout to database host=db-02
2024-01-15 00:09:51  ERROR  Null pointer exception in module=svc-payments
2024-01-15 00:09:52  ERROR  Failed to connect to service=db-01
2024-01-15 00:09:52  ERROR  Disk read failed on partition=svc-auth
2024-01-15 00:09:52  ERROR  Disk read failed on partition=svc-auth
2024-01-15 00:09:52  ERROR  Failed to connect to service=svc-payments
2024-01-15 00:09:52  ERROR  Connection timeout to database host=db-01
2024-01-15 00:09:57  INFO  Database query completed in 319ms
2024-01-15 00:09:58  INFO  User login successful for user_id=231
2024-01-15 00:09:59  INFO  User login successful for user_id=664
2024-01-15 00:10:01  INFO  Cache hit for key=522
2024-01-15 00:10:04  INFO  API request processed successfully endpoint=/api/v1/484
2024-01-15 00:10:08  INFO  API request processed successfully endpoint=/api/v1/196
2024-01-15 00:10:13  INFO  Database query completed in 885ms
2024-01-15 00:10:16  INFO  API request processed successfully endpoint=/api/v1/349
2024-01-15 00:10:21  INFO  User login successful for user_id=290
2024-01-15 00:10:24  INFO  Scheduled job completed: 676
2024-01-15 00:10:26  INFO  API request processed successfully endpoint=/api/v1/354
2024-01-15 00:10:31  INFO  API request processed successfully endpoint=/api/v1/467
2024-01-15 00:10:34  INFO  Database query completed in 586ms
2024-01-15 00:10:36  INFO  API request processed successfully endpoint=/api/v1/45
2024-01-15 00:10:40  INFO  API request processed successfully endpoint=/api/v1/396
2024-01-15 00:10:42  INFO  User login successful for user_id=130
2024-01-15 00:10:47  INFO  User login successful for user_id=896
2024-01-15 00:10:51  INFO  API request processed successfully endpoint=/api/v1/16
2024-01-15 00:10:53  INFO  Database query completed in 77ms
2024-01-15 00:10:56  INFO  API request processed successfully endpoint=/api/v1/666
2024-01-15 00:10:59  INFO  Scheduled job completed: 390
2024-01-15 00:11:02  INFO  API request processed successfully endpoint=/api/v1/894
2024-01-15 00:11:03  INFO  Database query completed in 647ms
2024-01-15 00:11:06  ERROR  Connection timeout to database host=445
2024-01-15 00:11:07  INFO  Cache hit for key=926
2024-01-15 00:11:08  INFO  User login successful for user_id=301
2024-01-15 00:11:11  INFO  Database query completed in 544ms
2024-01-15 00:11:16  INFO  Database query completed in 175ms
2024-01-15 00:11:17  INFO  API request processed successfully endpoint=/api/v1/635
2024-01-15 00:11:19  INFO  Scheduled job completed: 147
2024-01-15 00:11:23  INFO  API request processed successfully endpoint=/api/v1/262
2024-01-15 00:11:24  INFO  API request processed successfully endpoint=/api/v1/923
2024-01-15 00:11:29  INFO  API request processed successfully endpoint=/api/v1/968
2024-01-15 00:11:34  INFO  API request processed successfully endpoint=/api/v1/707
2024-01-15 00:11:38  INFO  Database query completed in 394ms
2024-01-15 00:11:42  INFO  API request processed successfully endpoint=/api/v1/586
2024-01-15 00:11:47  INFO  Cache hit for key=23
2024-01-15 00:11:51  INFO  Scheduled job completed: 886
2024-01-15 00:11:52  INFO  API request processed successfully endpoint=/api/v1/853
2024-01-15 00:11:55  INFO  Database query completed in 622ms
2024-01-15 00:11:58  INFO  Database query completed in 636ms
2024-01-15 00:12:00  INFO  User login successful for user_id=317
2024-01-15 00:12:04  INFO  Cache hit for key=750
2024-01-15 00:12:05  INFO  Cache hit for key=766
2024-01-15 00:12:07  INFO  Scheduled job completed: 898
2024-01-15 00:12:10  INFO  Cache hit for key=851
2024-01-15 00:12:13  INFO  API request processed successfully endpoint=/api/v1/991
2024-01-15 00:12:16  INFO  Cache hit for key=824
2024-01-15 00:12:20  WARNING  High memory usage detected: 773%
2024-01-15 00:12:22  INFO  API request processed successfully endpoint=/api/v1/991
2024-01-15 00:12:27  INFO  API request processed successfully endpoint=/api/v1/15
2024-01-15 00:12:32  INFO  Cache hit for key=689
2024-01-15 00:12:35  INFO  Cache hit for key=111
2024-01-15 00:12:37  INFO  Scheduled job completed: 906
2024-01-15 00:12:42  INFO  Scheduled job completed: 227
2024-01-15 00:12:43  INFO  API request processed successfully endpoint=/api/v1/932
2024-01-15 00:12:46  INFO  User login successful for user_id=144
2024-01-15 00:12:47  INFO  API request processed successfully endpoint=/api/v1/119
2024-01-15 00:12:49  INFO  Database query completed in 398ms
2024-01-15 00:12:52  INFO  Scheduled job completed: 430
2024-01-15 00:12:54  INFO  User login successful for user_id=854
2024-01-15 00:12:59  INFO  Cache hit for key=34
2024-01-15 00:13:02  INFO  API request processed successfully endpoint=/api/v1/974
2024-01-15 00:13:05  INFO  Cache hit for key=558
2024-01-15 00:13:08  INFO  Cache hit for key=195
2024-01-15 00:13:09  WARNING  Slow query detected: 94ms
2024-01-15 00:13:11  INFO  Scheduled job completed: 995
2024-01-15 00:13:12  INFO  Database query completed in 129ms
2024-01-15 00:13:17  INFO  Scheduled job completed: 213
2024-01-15 00:13:19  INFO  Database query completed in 337ms
2024-01-15 00:13:21  INFO  Scheduled job completed: 3
2024-01-15 00:13:23  ERROR  Null pointer exception in module=818
2024-01-15 00:13:24  INFO  User login successful for user_id=135
2024-01-15 00:13:27  INFO  Database query completed in 603ms
2024-01-15 00:13:28  INFO  User login successful for user_id=130
2024-01-15 00:13:32  INFO  User login successful for user_id=488
2024-01-15 00:13:35  INFO  User login successful for user_id=463
2024-01-15 00:13:37  WARNING  High memory usage detected: 745%
2024-01-15 00:13:42  INFO  User login successful for user_id=63
2024-01-15 00:13:46  INFO  User login successful for user_id=503
2024-01-15 00:13:50  INFO  User login successful for user_id=330
2024-01-15 00:13:52  INFO  Cache hit for key=640
2024-01-15 00:13:57  INFO  Cache hit for key=391
2024-01-15 00:14:02  INFO  Scheduled job completed: 620
2024-01-15 00:14:03  INFO  User login successful for user_id=874
2024-01-15 00:14:08  INFO  Database query completed in 441ms
2024-01-15 00:14:10  INFO  API request processed successfully endpoint=/api/v1/409
2024-01-15 00:14:11  INFO  Cache hit for key=682
2024-01-15 00:14:14  WARNING  Retry attempt 946 for service=243
2024-01-15 00:14:15  INFO  User login successful for user_id=96
2024-01-15 00:14:16  INFO  Cache hit for key=832
2024-01-15 00:14:21  INFO  Scheduled job completed: 576
2024-01-15 00:14:22  INFO  API request processed successfully endpoint=/api/v1/889
2024-01-15 00:14:23  WARNING  Retry attempt 320 for service=181
2024-01-15 00:14:24  INFO  Database query completed in 159ms
2024-01-15 00:14:28  INFO  User login successful for user_id=359
2024-01-15 00:14:33  INFO  Cache hit for key=588
2024-01-15 00:14:37  INFO  Scheduled job completed: 629
2024-01-15 00:14:42  INFO  Cache hit for key=30
2024-01-15 00:14:45  INFO  Cache hit for key=944
2024-01-15 00:14:48  INFO  Database query completed in 580ms
2024-01-15 00:14:52  INFO  User login successful for user_id=94
2024-01-15 00:14:57  INFO  API request processed successfully endpoint=/api/v1/465
2024-01-15 00:14:59  INFO  Cache hit for key=796
2024-01-15 00:15:04  INFO  User login successful for user_id=160
2024-01-15 00:15:09  INFO  User login successful for user_id=279
2024-01-15 00:15:13  INFO  API request processed successfully endpoint=/api/v1/425
2024-01-15 00:15:15  INFO  User login successful for user_id=354
2024-01-15 00:15:16  INFO  Scheduled job completed: 499
2024-01-15 00:15:19  INFO  API request processed successfully endpoint=/api/v1/614
2024-01-15 00:15:20  INFO  Database query completed in 786ms
2024-01-15 00:15:23  INFO  User login successful for user_id=8
2024-01-15 00:15:27  INFO  API request processed successfully endpoint=/api/v1/546
2024-01-15 00:15:29  INFO  Cache hit for key=74
2024-01-15 00:15:30  INFO  API request processed successfully endpoint=/api/v1/944
2024-01-15 00:15:33  INFO  Scheduled job completed: 415
2024-01-15 00:15:37  INFO  API request processed successfully endpoint=/api/v1/22
2024-01-15 00:15:40  INFO  Scheduled job completed: 472
2024-01-15 00:15:43  INFO  User login successful for user_id=250
2024-01-15 00:15:48  INFO  User login successful for user_id=406
2024-01-15 00:15:51  INFO  Database query completed in 342ms
2024-01-15 00:15:53  INFO  User login successful for user_id=544
2024-01-15 00:15:55  INFO  Cache hit for key=360
2024-01-15 00:15:57  INFO  Database query completed in 263ms
2024-01-15 00:15:59  INFO  User login successful for user_id=182
2024-01-15 00:16:03  INFO  Scheduled job completed: 779
2024-01-15 00:16:07  INFO  Scheduled job completed: 659
2024-01-15 00:16:12  INFO  Cache hit for key=155
2024-01-15 00:16:13  INFO  Cache hit for key=816
2024-01-15 00:16:18  INFO  Scheduled job completed: 76
2024-01-15 00:16:22  INFO  User login successful for user_id=378
2024-01-15 00:16:25  INFO  User login successful for user_id=630
2024-01-15 00:16:30  INFO  Scheduled job completed: 568
2024-01-15 00:16:31  INFO  Scheduled job completed: 668
2024-01-15 00:16:34  INFO  Scheduled job completed: 155
2024-01-15 00:16:35  INFO  Cache hit for key=732
2024-01-15 00:16:40  INFO  User login successful for user_id=254
2024-01-15 00:16:44  ERROR  Disk read failed on partition=373
2024-01-15 00:16:47  INFO  Cache hit for key=696
2024-01-15 00:16:48  INFO  Cache hit for key=68
2024-01-15 00:16:49  INFO  API request processed successfully endpoint=/api/v1/291
2024-01-15 00:16:54  INFO  Cache hit for key=84
2024-01-15 00:16:56  INFO  Cache hit for key=991
2024-01-15 00:17:00  INFO  User login successful for user_id=318
2024-01-15 00:17:04  INFO  Cache hit for key=833
2024-01-15 00:17:09  INFO  API request processed successfully endpoint=/api/v1/521
2024-01-15 00:17:10  INFO  Database query completed in 974ms
2024-01-15 00:17:13  WARNING  Slow query detected: 197ms
2024-01-15 00:17:15  INFO  Cache hit for key=865
2024-01-15 00:17:16  INFO  Scheduled job completed: 856
2024-01-15 00:17:21  INFO  Cache hit for key=898
2024-01-15 00:17:26  INFO  API request processed successfully endpoint=/api/v1/158
2024-01-15 00:17:28  INFO  Scheduled job completed: 829
2024-01-15 00:17:30  INFO  User login successful for user_id=421
2024-01-15 00:17:32  WARNING  Retry attempt 292 for service=386
2024-01-15 00:17:36  INFO  Database query completed in 317ms
2024-01-15 00:17:40  INFO  Database query completed in 377ms
2024-01-15 00:17:45  ERROR  Failed to connect to service=788
2024-01-15 00:17:49  INFO  API request processed successfully endpoint=/api/v1/990
2024-01-15 00:17:51  INFO  Database query completed in 894ms
2024-01-15 00:17:52  INFO  Cache hit for key=568
2024-01-15 00:17:53  INFO  Scheduled job completed: 872
2024-01-15 00:17:56  INFO  Database query completed in 280ms
2024-01-15 00:18:01  INFO  API request processed successfully endpoint=/api/v1/94
2024-01-15 00:18:03  INFO  Cache hit for key=953
2024-01-15 00:18:07  INFO  Scheduled job completed: 383
2024-01-15 00:18:11  ERROR  Null pointer exception in module=230
2024-01-15 00:18:14  WARNING  Retry attempt 666 for service=172
2024-01-15 00:18:16  INFO  Cache hit for key=940
2024-01-15 00:18:20  INFO  Database query completed in 778ms
2024-01-15 00:18:24  INFO  User login successful for user_id=928
2024-01-15 00:18:25  INFO  Database query completed in 562ms
2024-01-15 00:18:30  INFO  User login successful for user_id=795
2024-01-15 00:18:32  INFO  User login successful for user_id=245
2024-01-15 00:18:37  INFO  User login successful for user_id=857
2024-01-15 00:18:41  INFO  User login successful for user_id=648
2024-01-15 00:18:46  INFO  Database query completed in 299ms
2024-01-15 00:18:47  INFO  Database query completed in 585ms
2024-01-15 00:18:49  INFO  User login successful for user_id=537
2024-01-15 00:18:52  INFO  Scheduled job completed: 558
2024-01-15 00:18:57  INFO  API request processed successfully endpoint=/api/v1/895
2024-01-15 00:18:58  INFO  Cache hit for key=260
2024-01-15 00:18:59  INFO  User login successful for user_id=354
2024-01-15 00:19:00  INFO  Cache hit for key=137
2024-01-15 00:19:03  INFO  Database query completed in 851ms
2024-01-15 00:19:07  ERROR  Failed to connect to service=647
2024-01-15 00:19:09  INFO  API request processed successfully endpoint=/api/v1/38
2024-01-15 00:19:11  INFO  Database query completed in 908ms
2024-01-15 00:19:14  WARNING  Retry attempt 408 for service=418
2024-01-15 00:19:19  INFO  User login successful for user_id=772
2024-01-15 00:19:21  INFO  User login successful for user_id=887
2024-01-15 00:19:24  INFO  Cache hit for key=448
2024-01-15 00:19:28  INFO  API request processed successfully endpoint=/api/v1/348
2024-01-15 00:19:30  INFO  API request processed successfully endpoint=/api/v1/377
2024-01-15 00:19:35  INFO  User login successful for user_id=745
2024-01-15 00:19:36  INFO  Database query completed in 559ms
2024-01-15 00:19:39  INFO  Cache hit for key=677
2024-01-15 00:19:42  INFO  API request processed successfully endpoint=/api/v1/171
2024-01-15 00:19:46  INFO  User login successful for user_id=745
2024-01-15 00:19:49  ERROR  Failed to connect to service=svc-auth
2024-01-15 00:19:49  ERROR  Connection timeout to database host=db-01
2024-01-15 00:19:49  ERROR  Failed to connect to service=svc-auth
2024-01-15 00:19:49  ERROR  Disk read failed on partition=db-01
2024-01-15 00:19:49  ERROR  Disk read failed on partition=svc-payments
2024-01-15 00:19:50  ERROR  Connection timeout to database host=db-02
2024-01-15 00:19:50  ERROR  Connection timeout to database host=db-02
2024-01-15 00:19:50  ERROR  Null pointer exception in module=svc-auth
2024-01-15 00:19:50  ERROR  Failed to connect to service=db-01
2024-01-15 00:19:50  ERROR  Disk read failed on partition=svc-payments
2024-01-15 00:19:50  ERROR  Null pointer exception in module=svc-auth
2024-01-15 00:19:50  ERROR  Failed to connect to service=db-01
2024-01-15 00:19:50  ERROR  Disk read failed on partition=svc-auth
2024-01-15 00:19:50  ERROR  Failed to connect to service=svc-auth
2024-01-15 00:19:50  ERROR  Null pointer exception in module=db-02
2024-01-15 00:19:51  ERROR  Connection timeout to database host=db-01
2024-01-15 00:19:51  ERROR  Disk read failed on partition=svc-payments
2024-01-15 00:19:51  ERROR  Failed to connect to service=db-01
2024-01-15 00:19:51  ERROR  Null pointer exception in module=svc-auth
2024-01-15 00:19:51  ERROR  Failed to connect to service=db-02
2024-01-15 00:19:51  ERROR  Null pointer exception in module=svc-payments
2024-01-15 00:19:51  ERROR  Disk read failed on partition=db-01
2024-01-15 00:19:51  ERROR  Disk read failed on partition=db-01
2024-01-15 00:19:51  ERROR  Failed to connect to service=db-02
2024-01-15 00:19:55  ERROR  Null pointer exception in module=684
2024-01-15 00:19:56  INFO  Cache hit for key=913
2024-01-15 00:19:58  INFO  Database query completed in 813ms
2024-01-15 00:20:03  INFO  Database query completed in 812ms
2024-01-15 00:20:05  INFO  User login successful for user_id=370
2024-01-15 00:20:10  INFO  Scheduled job completed: 133
2024-01-15 00:20:11  INFO  API request processed successfully endpoint=/api/v1/735
2024-01-15 00:20:15  INFO  API request processed successfully endpoint=/api/v1/844
2024-01-15 00:20:16  INFO  Cache hit for key=658
2024-01-15 00:20:20  INFO  Scheduled job completed: 353
2024-01-15 00:20:25  INFO  Database query completed in 787ms
2024-01-15 00:20:27  INFO  User login successful for user_id=852
2024-01-15 00:20:32  INFO  Database query completed in 166ms
2024-01-15 00:20:34  INFO  Scheduled job completed: 917
2024-01-15 00:20:35  INFO  Scheduled job completed: 282
2024-01-15 00:20:38  INFO  User login successful for user_id=515
2024-01-15 00:20:40  INFO  Scheduled job completed: 158
2024-01-15 00:20:45  INFO  Scheduled job completed: 346
2024-01-15 00:20:50  INFO  User login successful for user_id=84
2024-01-15 00:20:55  INFO  Database query completed in 786ms
2024-01-15 00:20:59  INFO  User login successful for user_id=510
2024-01-15 00:21:04  INFO  Cache hit for key=495
2024-01-15 00:21:08  INFO  User login successful for user_id=706
2024-01-15 00:21:10  INFO  API request processed successfully endpoint=/api/v1/476
2024-01-15 00:21:13  INFO  Cache hit for key=883
2024-01-15 00:21:16  INFO  Cache hit for key=999
2024-01-15 00:21:18  INFO  Scheduled job completed: 576
2024-01-15 00:21:21  INFO  User login successful for user_id=274
2024-01-15 00:21:23  INFO  User login successful for user_id=298
2024-01-15 00:21:27  INFO  API request processed successfully endpoint=/api/v1/255
2024-01-15 00:21:29  INFO  Scheduled job completed: 739
2024-01-15 00:21:31  INFO  API request processed successfully endpoint=/api/v1/528
2024-01-15 00:21:35  INFO  API request processed successfully endpoint=/api/v1/24
2024-01-15 00:21:39  INFO  Database query completed in 221ms
2024-01-15 00:21:42  INFO  Cache hit for key=507
2024-01-15 00:21:46  INFO  User login successful for user_id=868
2024-01-15 00:21:50  INFO  Cache hit for key=745
2024-01-15 00:21:54  INFO  API request processed successfully endpoint=/api/v1/53
2024-01-15 00:21:59  INFO  Scheduled job completed: 296
2024-01-15 00:22:03  INFO  Scheduled job completed: 287
2024-01-15 00:22:08  INFO  User login successful for user_id=132
2024-01-15 00:22:09  INFO  Cache hit for key=572
2024-01-15 00:22:12  INFO  Database query completed in 617ms
2024-01-15 00:22:16  INFO  User login successful for user_id=40
2024-01-15 00:22:19  INFO  Scheduled job completed: 468
2024-01-15 00:22:24  INFO  Database query completed in 336ms
2024-01-15 00:22:29  INFO  API request processed successfully endpoint=/api/v1/632
2024-01-15 00:22:32  INFO  Scheduled job completed: 849
2024-01-15 00:22:37  INFO  Scheduled job completed: 307
2024-01-15 00:22:38  INFO  User login successful for user_id=427
2024-01-15 00:22:41  INFO  User login successful for user_id=612
2024-01-15 00:22:44  WARNING  Retry attempt 592 for service=117
2024-01-15 00:22:45  INFO  Database query completed in 537ms
2024-01-15 00:22:50  INFO  API request processed successfully endpoint=/api/v1/152
2024-01-15 00:22:52  INFO  User login successful for user_id=196
2024-01-15 00:22:56  INFO  Database query completed in 423ms
2024-01-15 00:22:58  INFO  Scheduled job completed: 943
2024-01-15 00:22:59  INFO  Scheduled job completed: 213
2024-01-15 00:23:02  ERROR  Failed to connect to service=539
2024-01-15 00:23:05  WARNING  Slow query detected: 935ms
2024-01-15 00:23:08  INFO  Cache hit for key=625
2024-01-15 00:23:10  WARNING  Slow query detected: 572ms
2024-01-15 00:23:12  WARNING  Slow query detected: 790ms
2024-01-15 00:23:14  INFO  API request processed successfully endpoint=/api/v1/325
2024-01-15 00:23:17  INFO  Cache hit for key=295
2024-01-15 00:23:22  INFO  API request processed successfully endpoint=/api/v1/918
2024-01-15 00:23:25  WARNING  High memory usage detected: 298%
2024-01-15 00:23:28  WARNING  High memory usage detected: 355%
2024-01-15 00:23:32  INFO  API request processed successfully endpoint=/api/v1/220
2024-01-15 00:23:37  INFO  Scheduled job completed: 713
2024-01-15 00:23:39  INFO  Scheduled job completed: 246
2024-01-15 00:23:40  INFO  Scheduled job completed: 232
2024-01-15 00:23:42  INFO  API request processed successfully endpoint=/api/v1/339
2024-01-15 00:23:46  INFO  Database query completed in 6ms
2024-01-15 00:23:51  WARNING  High memory usage detected: 417%
2024-01-15 00:23:55  INFO  Database query completed in 775ms
2024-01-15 00:23:58  INFO  User login successful for user_id=930
2024-01-15 00:23:59  INFO  Database query completed in 548ms
2024-01-15 00:24:00  INFO  Database query completed in 428ms
2024-01-15 00:24:02  WARNING  High memory usage detected: 857%
2024-01-15 00:24:06  INFO  Cache hit for key=898
2024-01-15 00:24:07  INFO  Scheduled job completed: 110
2024-01-15 00:24:10  INFO  Scheduled job completed: 537
2024-01-15 00:24:12  INFO  API request processed successfully endpoint=/api/v1/280
2024-01-15 00:24:13  INFO  API request processed successfully endpoint=/api/v1/664
2024-01-15 00:24:15  INFO  Cache hit for key=810
2024-01-15 00:24:20  INFO  Database query completed in 180ms
2024-01-15 00:24:24  INFO  Scheduled job completed: 336
2024-01-15 00:24:28  INFO  Database query completed in 144ms
2024-01-15 00:24:31  WARNING  High memory usage detected: 268%
2024-01-15 00:24:33  INFO  Cache hit for key=977
2024-01-15 00:24:36  INFO  Scheduled job completed: 12
2024-01-15 00:24:39  INFO  User login successful for user_id=684
2024-01-15 00:24:43  INFO  API request processed successfully endpoint=/api/v1/703
2024-01-15 00:24:46  INFO  Cache hit for key=377
2024-01-15 00:24:48  INFO  Database query completed in 490ms
2024-01-15 00:24:52  INFO  Scheduled job completed: 383
2024-01-15 00:24:57  INFO  Scheduled job completed: 822
2024-01-15 00:24:59  INFO  Scheduled job completed: 895
2024-01-15 00:25:00  INFO  Scheduled job completed: 721
2024-01-15 00:25:01  INFO  User login successful for user_id=64
2024-01-15 00:25:06  INFO  Database query completed in 587ms
2024-01-15 00:25:08  INFO  Scheduled job completed: 453
2024-01-15 00:25:10  INFO  API request processed successfully endpoint=/api/v1/94
2024-01-15 00:25:15  INFO  User login successful for user_id=465
2024-01-15 00:25:20  INFO  Scheduled job completed: 60
2024-01-15 00:25:24  INFO  Cache hit for key=741
2024-01-15 00:25:28  INFO  User login successful for user_id=764
2024-01-15 00:25:33  INFO  API request processed successfully endpoint=/api/v1/353
2024-01-15 00:25:34  INFO  User login successful for user_id=958
2024-01-15 00:25:35  ERROR  Failed to connect to service=33
2024-01-15 00:25:39  INFO  Database query completed in 785ms
2024-01-15 00:25:43  INFO  API request processed successfully endpoint=/api/v1/460
2024-01-15 00:25:47  INFO  Scheduled job completed: 137
2024-01-15 00:25:50  INFO  Scheduled job completed: 403
2024-01-15 00:25:52  INFO  Database query completed in 855ms
2024-01-15 00:25:53  WARNING  Slow query detected: 690ms
2024-01-15 00:25:58  INFO  API request processed successfully endpoint=/api/v1/844
2024-01-15 00:26:00  INFO  Database query completed in 283ms
2024-01-15 00:26:01  INFO  API request processed successfully endpoint=/api/v1/630
2024-01-15 00:26:02  INFO  User login successful for user_id=104
2024-01-15 00:26:03  INFO  User login successful for user_id=251
2024-01-15 00:26:04  INFO  Database query completed in 553ms
2024-01-15 00:26:05  INFO  Cache hit for key=240
2024-01-15 00:26:10  INFO  Scheduled job completed: 792
2024-01-15 00:26:13  INFO  Database query completed in 677ms
2024-01-15 00:26:15  INFO  Cache hit for key=63
2024-01-15 00:26:20  INFO  Database query completed in 642ms
2024-01-15 00:26:24  INFO  User login successful for user_id=996
2024-01-15 00:26:28  INFO  Cache hit for key=714
2024-01-15 00:26:32  INFO  API request processed successfully endpoint=/api/v1/189
2024-01-15 00:26:37  INFO  Database query completed in 308ms
2024-01-15 00:26:39  INFO  User login successful for user_id=576
2024-01-15 00:26:43  INFO  Database query completed in 398ms
2024-01-15 00:26:46  INFO  User login successful for user_id=945
2024-01-15 00:26:49  INFO  Database query completed in 53ms
2024-01-15 00:26:53  INFO  Scheduled job completed: 41
2024-01-15 00:26:54  INFO  Scheduled job completed: 742
2024-01-15 00:26:59  INFO  Database query completed in 891ms
2024-01-15 00:27:02  INFO  User login successful for user_id=217
2024-01-15 00:27:04  WARNING  High memory usage detected: 765%
2024-01-15 00:27:08  INFO  Scheduled job completed: 721
2024-01-15 00:27:12  INFO  Scheduled job completed: 330
2024-01-15 00:27:15  INFO  Scheduled job completed: 665
2024-01-15 00:27:18  INFO  Scheduled job completed: 904
2024-01-15 00:27:22  INFO  API request processed successfully endpoint=/api/v1/780
2024-01-15 00:27:25  INFO  Cache hit for key=321
2024-01-15 00:27:26  INFO  Database query completed in 760ms
2024-01-15 00:27:27  INFO  Scheduled job completed: 594
2024-01-15 00:27:31  INFO  Database query completed in 338ms
2024-01-15 00:27:35  INFO  Database query completed in 512ms
2024-01-15 00:27:38  INFO  API request processed successfully endpoint=/api/v1/990
2024-01-15 00:27:42  INFO  Cache hit for key=174
2024-01-15 00:27:47  INFO  Scheduled job completed: 658
2024-01-15 00:27:48  INFO  User login successful for user_id=968
2024-01-15 00:27:49  INFO  API request processed successfully endpoint=/api/v1/141
2024-01-15 00:27:51  INFO  Database query completed in 10ms
2024-01-15 00:27:56  INFO  User login successful for user_id=633
2024-01-15 00:28:01  INFO  API request processed successfully endpoint=/api/v1/17
2024-01-15 00:28:06  INFO  User login successful for user_id=18
2024-01-15 00:28:09  INFO  Cache hit for key=18
2024-01-15 00:28:13  INFO  Database query completed in 110ms
2024-01-15 00:28:14  INFO  Database query completed in 197ms
2024-01-15 00:28:19  INFO  Cache hit for key=274
2024-01-15 00:28:23  INFO  API request processed successfully endpoint=/api/v1/471
2024-01-15 00:28:25  ERROR  Disk read failed on partition=308
2024-01-15 00:28:26  INFO  User login successful for user_id=96
2024-01-15 00:28:30  INFO  API request processed successfully endpoint=/api/v1/58
2024-01-15 00:28:31  INFO  User login successful for user_id=512
2024-01-15 00:28:35  INFO  Cache hit for key=580
2024-01-15 00:28:36  INFO  User login successful for user_id=236
2024-01-15 00:28:41  INFO  User login successful for user_id=947
2024-01-15 00:28:44  INFO  Scheduled job completed: 674
2024-01-15 00:28:46  WARNING  Slow query detected: 17ms
2024-01-15 00:28:48  INFO  API request processed successfully endpoint=/api/v1/952
2024-01-15 00:28:51  INFO  Database query completed in 581ms
2024-01-15 00:28:55  INFO  Scheduled job completed: 340
2024-01-15 00:28:57  INFO  User login successful for user_id=513
2024-01-15 00:29:00  INFO  API request processed successfully endpoint=/api/v1/238
2024-01-15 00:29:01  INFO  Scheduled job completed: 978
2024-01-15 00:29:05  WARNING  Slow query detected: 31ms
2024-01-15 00:29:08  INFO  API request processed successfully endpoint=/api/v1/503
2024-01-15 00:29:11  INFO  API request processed successfully endpoint=/api/v1/443
2024-01-15 00:29:16  INFO  User login successful for user_id=791
2024-01-15 00:29:19  INFO  User login successful for user_id=85
2024-01-15 00:29:21  INFO  Database query completed in 758ms
2024-01-15 00:29:24  INFO  User login successful for user_id=6
2024-01-15 00:29:27  INFO  Cache hit for key=105
2024-01-15 00:29:28  INFO  API request processed successfully endpoint=/api/v1/571
2024-01-15 00:29:33  INFO  User login successful for user_id=92
2024-01-15 00:29:38  INFO  Scheduled job completed: 804
2024-01-15 00:29:42  INFO  API request processed successfully endpoint=/api/v1/398
2024-01-15 00:29:43  INFO  Scheduled job completed: 927
2024-01-15 00:29:48  INFO  API request processed successfully endpoint=/api/v1/174
2024-01-15 00:29:51  INFO  API request processed successfully endpoint=/api/v1/150
2024-01-15 00:29:53  INFO  API request processed successfully endpoint=/api/v1/307
2024-01-15 00:29:54  INFO  Database query completed in 739ms
2024-01-15 00:29:58  INFO  Database query completed in 469ms
2024-01-15 00:30:00  INFO  API request processed successfully endpoint=/api/v1/341
2024-01-15 00:30:05  ERROR  Null pointer exception in module=svc-payments
2024-01-15 00:30:06  ERROR  Null pointer exception in module=svc-payments
2024-01-15 00:30:06  ERROR  Disk read failed on partition=svc-auth
2024-01-15 00:30:06  ERROR  Null pointer exception in module=db-02
2024-01-15 00:30:06  ERROR  Failed to connect to service=svc-auth
2024-01-15 00:30:06  ERROR  Disk read failed on partition=svc-payments
2024-01-15 00:30:06  ERROR  Null pointer exception in module=svc-auth
2024-01-15 00:30:06  ERROR  Failed to connect to service=db-02
2024-01-15 00:30:06  ERROR  Null pointer exception in module=svc-payments
2024-01-15 00:30:06  ERROR  Null pointer exception in module=svc-payments
2024-01-15 00:30:06  ERROR  Null pointer exception in module=db-01
2024-01-15 00:30:07  ERROR  Disk read failed on partition=db-02
2024-01-15 00:30:07  ERROR  Connection timeout to database host=svc-payments
2024-01-15 00:30:07  ERROR  Disk read failed on partition=svc-payments
2024-01-15 00:30:07  ERROR  Null pointer exception in module=db-01
2024-01-15 00:30:07  ERROR  Failed to connect to service=svc-payments
2024-01-15 00:30:07  ERROR  Disk read failed on partition=svc-auth
2024-01-15 00:30:07  ERROR  Disk read failed on partition=svc-auth
2024-01-15 00:30:07  ERROR  Disk read failed on partition=svc-payments
2024-01-15 00:30:07  ERROR  Failed to connect to service=db-01
2024-01-15 00:30:07  ERROR  Failed to connect to service=svc-payments
2024-01-15 00:30:12  INFO  Scheduled job completed: 946
2024-01-15 00:30:16  INFO  Cache hit for key=719
2024-01-15 00:30:21  INFO  User login successful for user_id=112
2024-01-15 00:30:23  INFO  Cache hit for key=171
2024-01-15 00:30:28  INFO  API request processed successfully endpoint=/api/v1/991
2024-01-15 00:30:31  WARNING  Slow query detected: 109ms
2024-01-15 00:30:32  INFO  Scheduled job completed: 765
2024-01-15 00:30:37  INFO  Scheduled job completed: 227
2024-01-15 00:30:40  INFO  Scheduled job completed: 708
2024-01-15 00:30:42  INFO  User login successful for user_id=495
2024-01-15 00:30:45  INFO  User login successful for user_id=119
2024-01-15 00:30:47  INFO  Cache hit for key=467
2024-01-15 00:30:49  INFO  Cache hit for key=488
2024-01-15 00:30:53  INFO  API request processed successfully endpoint=/api/v1/327
2024-01-15 00:30:56  INFO  User login successful for user_id=24
2024-01-15 00:30:59  INFO  Database query completed in 953ms
2024-01-15 00:31:01  INFO  Scheduled job completed: 164
2024-01-15 00:31:06  INFO  API request processed successfully endpoint=/api/v1/238
2024-01-15 00:31:10  INFO  Database query completed in 656ms
2024-01-15 00:31:14  INFO  Scheduled job completed: 905
2024-01-15 00:31:18  INFO  API request processed successfully endpoint=/api/v1/5
2024-01-15 00:31:20  INFO  User login successful for user_id=592
2024-01-15 00:31:25  INFO  Cache hit for key=202
2024-01-15 00:31:26  INFO  API request processed successfully endpoint=/api/v1/541
2024-01-15 00:31:29  INFO  Scheduled job completed: 402
2024-01-15 00:31:30  INFO  API request processed successfully endpoint=/api/v1/633
2024-01-15 00:31:33  INFO  Scheduled job completed: 87
2024-01-15 00:31:35  INFO  Database query completed in 313ms
2024-01-15 00:31:37  INFO  Database query completed in 524ms
2024-01-15 00:31:41  INFO  Scheduled job completed: 393
2024-01-15 00:31:43  INFO  Scheduled job completed: 711
2024-01-15 00:31:45  INFO  API request processed successfully endpoint=/api/v1/296
2024-01-15 00:31:47  INFO  API request processed successfully endpoint=/api/v1/635
2024-01-15 00:31:50  WARNING  Slow query detected: 140ms
2024-01-15 00:31:54  WARNING  Retry attempt 669 for service=254
2024-01-15 00:31:58  INFO  API request processed successfully endpoint=/api/v1/728
2024-01-15 00:32:02  INFO  User login successful for user_id=579
2024-01-15 00:32:04  INFO  Cache hit for key=231
2024-01-15 00:32:07  INFO  API request processed successfully endpoint=/api/v1/580
2024-01-15 00:32:11  INFO  User login successful for user_id=587
2024-01-15 00:32:14  INFO  Cache hit for key=556
2024-01-15 00:32:15  INFO  API request processed successfully endpoint=/api/v1/560
2024-01-15 00:32:19  INFO  Database query completed in 305ms
2024-01-15 00:32:20  INFO  Cache hit for key=883
2024-01-15 00:32:21  INFO  User login successful for user_id=795
2024-01-15 00:32:23  INFO  Scheduled job completed: 706
2024-01-15 00:32:28  INFO  Database query completed in 631ms
2024-01-15 00:32:30  INFO  User login successful for user_id=584
2024-01-15 00:32:35  INFO  Scheduled job completed: 173
2024-01-15 00:32:38  INFO  Cache hit for key=976
2024-01-15 00:32:43  ERROR  Connection timeout to database host=139
2024-01-15 00:32:47  INFO  Cache hit for key=888
2024-01-15 00:32:49  INFO  Database query completed in 256ms
2024-01-15 00:32:52  INFO  API request processed successfully endpoint=/api/v1/502
2024-01-15 00:32:57  INFO  API request processed successfully endpoint=/api/v1/385
2024-01-15 00:32:58  INFO  User login successful for user_id=413
2024-01-15 00:33:01  INFO  Cache hit for key=466
2024-01-15 00:33:05  INFO  User login successful for user_id=890
2024-01-15 00:33:06  INFO  API request processed successfully endpoint=/api/v1/651
2024-01-15 00:33:09  INFO  Scheduled job completed: 408
2024-01-15 00:33:13  INFO  API request processed successfully endpoint=/api/v1/275
2024-01-15 00:33:16  INFO  Scheduled job completed: 134
2024-01-15 00:33:20  INFO  User login successful for user_id=48
2024-01-15 00:33:24  INFO  Database query completed in 452ms
2024-01-15 00:33:25  ERROR  Failed to connect to service=208
2024-01-15 00:33:27  INFO  Cache hit for key=163
2024-01-15 00:33:30  INFO  Cache hit for key=257
2024-01-15 00:33:33  INFO  Database query completed in 54ms
2024-01-15 00:33:36  INFO  Database query completed in 440ms
2024-01-15 00:33:37  INFO  User login successful for user_id=219
2024-01-15 00:33:38  INFO  Database query completed in 532ms
2024-01-15 00:33:42  INFO  Cache hit for key=837
2024-01-15 00:33:46  INFO  API request processed successfully endpoint=/api/v1/73
2024-01-15 00:33:50  INFO  User login successful for user_id=106
2024-01-15 00:33:53  INFO  Database query completed in 392ms
2024-01-15 00:33:55  INFO  Database query completed in 71ms
2024-01-15 00:34:00  INFO  Database query completed in 451ms
2024-01-15 00:34:02  INFO  Database query completed in 942ms
2024-01-15 00:34:07  INFO  Database query completed in 89ms
2024-01-15 00:34:08  INFO  User login successful for user_id=604
2024-01-15 00:34:12  INFO  API request processed successfully endpoint=/api/v1/323
2024-01-15 00:34:14  INFO  User login successful for user_id=255
2024-01-15 00:34:19  INFO  Scheduled job completed: 292
2024-01-15 00:34:20  INFO  Cache hit for key=211
2024-01-15 00:34:25  INFO  API request processed successfully endpoint=/api/v1/303
2024-01-15 00:34:26  INFO  Database query completed in 507ms
2024-01-15 00:34:27  INFO  Scheduled job completed: 73
2024-01-15 00:34:28  ERROR  Null pointer exception in module=136
2024-01-15 00:34:33  INFO  Scheduled job completed: 700
2024-01-15 00:34:37  WARNING  High memory usage detected: 18%
2024-01-15 00:34:38  INFO  Database query completed in 41ms
2024-01-15 00:34:39  WARNING  Slow query detected: 519ms
2024-01-15 00:34:44  INFO  API request processed successfully endpoint=/api/v1/719
2024-01-15 00:34:45  INFO  Scheduled job completed: 631
2024-01-15 00:34:48  INFO  User login successful for user_id=524
2024-01-15 00:34:50  WARNING  High memory usage detected: 550%
2024-01-15 00:34:54  INFO  User login successful for user_id=318
2024-01-15 00:34:58  INFO  Database query completed in 60ms
2024-01-15 00:34:59  WARNING  High memory usage detected: 465%
2024-01-15 00:35:04  INFO  Database query completed in 123ms
2024-01-15 00:35:06  INFO  Database query completed in 509ms
2024-01-15 00:35:09  INFO  Cache hit for key=171
2024-01-15 00:35:11  INFO  Cache hit for key=751
2024-01-15 00:35:12  INFO  User login successful for user_id=344
2024-01-15 00:35:16  INFO  User login successful for user_id=270
2024-01-15 00:35:21  INFO  API request processed successfully endpoint=/api/v1/467
2024-01-15 00:35:24  INFO  Scheduled job completed: 171
2024-01-15 00:35:26  INFO  User login successful for user_id=916
2024-01-15 00:35:27  INFO  Scheduled job completed: 3
2024-01-15 00:35:28  INFO  API request processed successfully endpoint=/api/v1/373
2024-01-15 00:35:30  INFO  User login successful for user_id=567
2024-01-15 00:35:34  INFO  Database query completed in 427ms
2024-01-15 00:35:37  INFO  User login successful for user_id=586
2024-01-15 00:35:38  INFO  User login successful for user_id=184
2024-01-15 00:35:43  ERROR  Failed to connect to service=71
2024-01-15 00:35:47  INFO  Cache hit for key=336
2024-01-15 00:35:52  INFO  Cache hit for key=206
2024-01-15 00:35:57  INFO  Scheduled job completed: 249
2024-01-15 00:36:00  INFO  API request processed successfully endpoint=/api/v1/792
2024-01-15 00:36:02  INFO  Scheduled job completed: 779
2024-01-15 00:36:04  INFO  API request processed successfully endpoint=/api/v1/25
2024-01-15 00:36:09  INFO  User login successful for user_id=974
2024-01-15 00:36:10  INFO  API request processed successfully endpoint=/api/v1/870
2024-01-15 00:36:13  INFO  Scheduled job completed: 244
2024-01-15 00:36:17  WARNING  High memory usage detected: 729%
2024-01-15 00:36:18  INFO  Database query completed in 919ms
2024-01-15 00:36:23  INFO  Cache hit for key=470
2024-01-15 00:36:24  INFO  Scheduled job completed: 137
2024-01-15 00:36:28  INFO  Scheduled job completed: 64
2024-01-15 00:36:30  INFO  Cache hit for key=872
2024-01-15 00:36:34  INFO  Cache hit for key=326
2024-01-15 00:36:37  INFO  Database query completed in 140ms
2024-01-15 00:36:42  INFO  User login successful for user_id=169
2024-01-15 00:36:46  INFO  User login successful for user_id=549
2024-01-15 00:36:48  INFO  API request processed successfully endpoint=/api/v1/272
2024-01-15 00:36:49  INFO  Cache hit for key=847
2024-01-15 00:36:54  INFO  Cache hit for key=152
2024-01-15 00:36:56  WARNING  Slow query detected: 526ms
2024-01-15 00:36:59  INFO  Database query completed in 32ms
2024-01-15 00:37:03  INFO  Scheduled job completed: 767
2024-01-15 00:37:05  INFO  User login successful for user_id=824
2024-01-15 00:37:07  INFO  User login successful for user_id=851
2024-01-15 00:37:09  INFO  API request processed successfully endpoint=/api/v1/382
2024-01-15 00:37:10  INFO  Cache hit for key=940
2024-01-15 00:37:11  INFO  User login successful for user_id=203
2024-01-15 00:37:15  INFO  User login successful for user_id=927
2024-01-15 00:37:18  INFO  API request processed successfully endpoint=/api/v1/52
2024-01-15 00:37:23  INFO  API request processed successfully endpoint=/api/v1/509
2024-01-15 00:37:27  INFO  Database query completed in 363ms
2024-01-15 00:37:30  ERROR  Null pointer exception in module=svc-payments
2024-01-15 00:37:30  ERROR  Disk read failed on partition=db-01
2024-01-15 00:37:30  ERROR  Disk read failed on partition=svc-auth
2024-01-15 00:37:30  ERROR  Failed to connect to service=svc-payments
2024-01-15 00:37:30  ERROR  Failed to connect to service=db-01
2024-01-15 00:37:30  ERROR  Connection timeout to database host=svc-auth
2024-01-15 00:37:30  ERROR  Failed to connect to service=db-02
2024-01-15 00:37:30  ERROR  Failed to connect to service=db-02
2024-01-15 00:37:30  ERROR  Disk read failed on partition=db-01
2024-01-15 00:37:30  ERROR  Failed to connect to service=svc-auth
2024-01-15 00:37:31  ERROR  Failed to connect to service=svc-payments
2024-01-15 00:37:31  ERROR  Null pointer exception in module=svc-auth
2024-01-15 00:37:31  ERROR  Failed to connect to service=svc-auth
2024-01-15 00:37:31  ERROR  Disk read failed on partition=db-01
2024-01-15 00:37:31  ERROR  Null pointer exception in module=db-02
2024-01-15 00:37:31  ERROR  Connection timeout to database host=svc-auth
2024-01-15 00:37:31  ERROR  Connection timeout to database host=svc-payments
2024-01-15 00:37:31  ERROR  Null pointer exception in module=db-02
2024-01-15 00:37:31  ERROR  Disk read failed on partition=db-01
2024-01-15 00:37:33  INFO  Cache hit for key=547
2024-01-15 00:37:34  INFO  Database query completed in 590ms
2024-01-15 00:37:38  INFO  Database query completed in 181ms
2024-01-15 00:37:43  INFO  Cache hit for key=936
2024-01-15 00:37:44  INFO  Cache hit for key=971
2024-01-15 00:37:49  INFO  Database query completed in 857ms
2024-01-15 00:37:53  INFO  Database query completed in 503ms
2024-01-15 00:37:54  INFO  Scheduled job completed: 225
2024-01-15 00:37:59  INFO  Cache hit for key=940
2024-01-15 00:38:01  INFO  Cache hit for key=735
2024-01-15 00:38:04  INFO  Database query completed in 601ms
2024-01-15 00:38:06  INFO  Scheduled job completed: 882
2024-01-15 00:38:07  INFO  API request processed successfully endpoint=/api/v1/601
2024-01-15 00:38:10  INFO  Database query completed in 162ms
2024-01-15 00:38:14  INFO  API request processed successfully endpoint=/api/v1/665
2024-01-15 00:38:16  INFO  Scheduled job completed: 711
2024-01-15 00:38:21  INFO  Database query completed in 682ms
2024-01-15 00:38:23  INFO  Cache hit for key=131
2024-01-15 00:38:24  WARNING  Retry attempt 401 for service=436
2024-01-15 00:38:29  INFO  Scheduled job completed: 326
2024-01-15 00:38:34  INFO  Scheduled job completed: 107
2024-01-15 00:38:38  INFO  User login successful for user_id=244
2024-01-15 00:38:41  INFO  User login successful for user_id=842
2024-01-15 00:38:44  INFO  Cache hit for key=215
2024-01-15 00:38:45  INFO  User login successful for user_id=738
2024-01-15 00:38:46  INFO  API request processed successfully endpoint=/api/v1/993
2024-01-15 00:38:50  INFO  API request processed successfully endpoint=/api/v1/360
2024-01-15 00:38:54  INFO  API request processed successfully endpoint=/api/v1/808
2024-01-15 00:38:59  INFO  Database query completed in 167ms
2024-01-15 00:39:00  INFO  User login successful for user_id=302
2024-01-15 00:39:03  INFO  User login successful for user_id=76
2024-01-15 00:39:05  INFO  Database query completed in 750ms
2024-01-15 00:39:10  WARNING  High memory usage detected: 347%
2024-01-15 00:39:15  INFO  User login successful for user_id=442
2024-01-15 00:39:17  INFO  API request processed successfully endpoint=/api/v1/161
2024-01-15 00:39:18  INFO  Database query completed in 420ms
2024-01-15 00:39:23  INFO  Scheduled job completed: 272
2024-01-15 00:39:26  INFO  User login successful for user_id=51
2024-01-15 00:39:31  INFO  API request processed successfully endpoint=/api/v1/158
2024-01-15 00:39:34  INFO  User login successful for user_id=302
2024-01-15 00:39:39  INFO  User login successful for user_id=27
2024-01-15 00:39:41  INFO  User login successful for user_id=485
2024-01-15 00:39:42  INFO  API request processed successfully endpoint=/api/v1/483
2024-01-15 00:39:45  INFO  Scheduled job completed: 397
2024-01-15 00:39:48  INFO  Cache hit for key=192
2024-01-15 00:39:49  INFO  API request processed successfully endpoint=/api/v1/270
2024-01-15 00:39:52  INFO  Database query completed in 771ms
2024-01-15 00:39:53  INFO  Cache hit for key=828
2024-01-15 00:39:57  WARNING  Retry attempt 233 for service=284
2024-01-15 00:39:58  INFO  Scheduled job completed: 429
2024-01-15 00:40:03  INFO  API request processed successfully endpoint=/api/v1/587
2024-01-15 00:40:05  INFO  User login successful for user_id=405
2024-01-15 00:40:06  INFO  Scheduled job completed: 820
2024-01-15 00:40:11  INFO  API request processed successfully endpoint=/api/v1/178
2024-01-15 00:40:13  WARNING  High memory usage detected: 130%
2024-01-15 00:40:17  INFO  API request processed successfully endpoint=/api/v1/207
2024-01-15 00:40:19  INFO  Cache hit for key=328
2024-01-15 00:40:20  INFO  Scheduled job completed: 407
2024-01-15 00:40:23  INFO  Scheduled job completed: 470
2024-01-15 00:40:24  INFO  Scheduled job completed: 602
2024-01-15 00:40:28  INFO  Database query completed in 152ms
2024-01-15 00:40:33  INFO  User login successful for user_id=948
2024-01-15 00:40:38  INFO  Cache hit for key=889
2024-01-15 00:40:41  INFO  Cache hit for key=393
2024-01-15 00:40:45  INFO  API request processed successfully endpoint=/api/v1/39
2024-01-15 00:40:48  INFO  Scheduled job completed: 624
2024-01-15 00:40:52  INFO  Cache hit for key=708
2024-01-15 00:40:53  INFO  Cache hit for key=919
2024-01-15 00:40:54  INFO  Cache hit for key=319
2024-01-15 00:40:58  INFO  User login successful for user_id=996
2024-01-15 00:41:00  INFO  API request processed successfully endpoint=/api/v1/793
2024-01-15 00:41:03  INFO  API request processed successfully endpoint=/api/v1/620
2024-01-15 00:41:04  INFO  Database query completed in 936ms
2024-01-15 00:41:08  INFO  Scheduled job completed: 889
2024-01-15 00:41:09  INFO  Database query completed in 68ms
2024-01-15 00:41:14  INFO  Scheduled job completed: 901
2024-01-15 00:41:15  INFO  Database query completed in 858ms
2024-01-15 00:41:17  INFO  User login successful for user_id=941
2024-01-15 00:41:19  INFO  API request processed successfully endpoint=/api/v1/518
2024-01-15 00:41:20  INFO  Database query completed in 382ms
2024-01-15 00:41:25  INFO  API request processed successfully endpoint=/api/v1/601
2024-01-15 00:41:28  INFO  Cache hit for key=767
2024-01-15 00:41:29  INFO  API request processed successfully endpoint=/api/v1/51
2024-01-15 00:41:34  INFO  Database query completed in 878ms
2024-01-15 00:41:36  INFO  Cache hit for key=668
2024-01-15 00:41:41  INFO  User login successful for user_id=486
2024-01-15 00:41:43  INFO  Scheduled job completed: 821
2024-01-15 00:41:45  INFO  Cache hit for key=730
2024-01-15 00:41:48  INFO  API request processed successfully endpoint=/api/v1/873
2024-01-15 00:41:52  INFO  API request processed successfully endpoint=/api/v1/310
2024-01-15 00:41:57  INFO  API request processed successfully endpoint=/api/v1/599
2024-01-15 00:41:58  INFO  Cache hit for key=575
2024-01-15 00:42:03  INFO  Cache hit for key=701
2024-01-15 00:42:07  INFO  Cache hit for key=656
2024-01-15 00:42:10  INFO  Cache hit for key=193
2024-01-15 00:42:15  INFO  User login successful for user_id=825
2024-01-15 00:42:20  INFO  Cache hit for key=698
2024-01-15 00:42:21  INFO  Cache hit for key=266
2024-01-15 00:42:25  INFO  User login successful for user_id=598
2024-01-15 00:42:30  INFO  Cache hit for key=744
2024-01-15 00:42:32  INFO  API request processed successfully endpoint=/api/v1/929
2024-01-15 00:42:35  INFO  Database query completed in 861ms
2024-01-15 00:42:40  INFO  User login successful for user_id=483
2024-01-15 00:42:43  INFO  Scheduled job completed: 782
2024-01-15 00:42:45  WARNING  Slow query detected: 671ms
2024-01-15 00:42:47  INFO  Cache hit for key=431
2024-01-15 00:42:50  INFO  Scheduled job completed: 302
2024-01-15 00:42:51  INFO  Scheduled job completed: 595
2024-01-15 00:42:56  INFO  Database query completed in 513ms
2024-01-15 00:43:00  INFO  API request processed successfully endpoint=/api/v1/56
2024-01-15 00:43:02  INFO  Database query completed in 351ms
2024-01-15 00:43:07  INFO  API request processed successfully endpoint=/api/v1/147
2024-01-15 00:43:09  INFO  API request processed successfully endpoint=/api/v1/341
2024-01-15 00:43:11  INFO  User login successful for user_id=5
2024-01-15 00:43:14  INFO  Database query completed in 591ms
2024-01-15 00:43:16  INFO  User login successful for user_id=133
2024-01-15 00:43:20  INFO  API request processed successfully endpoint=/api/v1/440
2024-01-15 00:43:24  INFO  User login successful for user_id=547
2024-01-15 00:43:27  WARNING  Slow query detected: 776ms
2024-01-15 00:43:32  INFO  User login successful for user_id=642
2024-01-15 00:43:34  INFO  Cache hit for key=320
2024-01-15 00:43:35  INFO  Scheduled job completed: 314
2024-01-15 00:43:36  INFO  Cache hit for key=972
2024-01-15 00:43:40  INFO  Scheduled job completed: 537
2024-01-15 00:43:44  INFO  Database query completed in 351ms
2024-01-15 00:43:48  INFO  Database query completed in 169ms
2024-01-15 00:43:52  INFO  Database query completed in 745ms
2024-01-15 00:43:54  INFO  Scheduled job completed: 517
2024-01-15 00:43:55  INFO  User login successful for user_id=385
2024-01-15 00:43:58  INFO  Scheduled job completed: 50
2024-01-15 00:43:59  INFO  User login successful for user_id=50
2024-01-15 00:44:00  INFO  API request processed successfully endpoint=/api/v1/127
2024-01-15 00:44:03  INFO  Database query completed in 211ms
2024-01-15 00:44:04  INFO  User login successful for user_id=679
2024-01-15 00:44:07  INFO  Database query completed in 429ms
2024-01-15 00:44:08  INFO  Scheduled job completed: 121
2024-01-15 00:44:09  INFO  API request processed successfully endpoint=/api/v1/204
2024-01-15 00:44:11  INFO  Scheduled job completed: 997
2024-01-15 00:44:14  INFO  Cache hit for key=165
2024-01-15 00:44:19  INFO  Database query completed in 705ms
2024-01-15 00:44:23  INFO  User login successful for user_id=14
2024-01-15 00:44:24  INFO  Scheduled job completed: 686
2024-01-15 00:44:26  WARNING  Retry attempt 77 for service=371
2024-01-15 00:44:27  INFO  Database query completed in 468ms
2024-01-15 00:44:30  INFO  User login successful for user_id=833
2024-01-15 00:44:31  INFO  Cache hit for key=821
2024-01-15 00:44:34  INFO  User login successful for user_id=98
2024-01-15 00:44:35  INFO  Database query completed in 680ms
2024-01-15 00:44:37  INFO  API request processed successfully endpoint=/api/v1/979
2024-01-15 00:44:40  ERROR  Null pointer exception in module=svc-auth
2024-01-15 00:44:41  ERROR  Disk read failed on partition=db-01
2024-01-15 00:44:41  ERROR  Failed to connect to service=svc-payments
2024-01-15 00:44:41  ERROR  Failed to connect to service=svc-auth
2024-01-15 00:44:41  ERROR  Failed to connect to service=svc-payments
2024-01-15 00:44:41  ERROR  Failed to connect to service=db-02
2024-01-15 00:44:41  ERROR  Connection timeout to database host=db-02
2024-01-15 00:44:41  ERROR  Connection timeout to database host=db-02
2024-01-15 00:44:41  ERROR  Connection timeout to database host=svc-payments
2024-01-15 00:44:41  ERROR  Failed to connect to service=svc-payments
2024-01-15 00:44:41  ERROR  Disk read failed on partition=svc-payments
2024-01-15 00:44:42  ERROR  Null pointer exception in module=db-01
2024-01-15 00:44:42  ERROR  Disk read failed on partition=svc-payments
2024-01-15 00:44:42  ERROR  Failed to connect to service=db-01
2024-01-15 00:44:42  ERROR  Failed to connect to service=svc-payments
2024-01-15 00:44:42  ERROR  Connection timeout to database host=db-01
2024-01-15 00:44:45  INFO  User login successful for user_id=722
2024-01-15 00:44:50  INFO  Scheduled job completed: 742
2024-01-15 00:44:52  WARNING  Retry attempt 895 for service=174
2024-01-15 00:44:57  INFO  Scheduled job completed: 98
2024-01-15 00:44:59  INFO  API request processed successfully endpoint=/api/v1/153
2024-01-15 00:45:04  INFO  Scheduled job completed: 56
2024-01-15 00:45:06  INFO  API request processed successfully endpoint=/api/v1/873
2024-01-15 00:45:08  INFO  API request processed successfully endpoint=/api/v1/329
2024-01-15 00:45:11  WARNING  High memory usage detected: 520%
2024-01-15 00:45:16  INFO  API request processed successfully endpoint=/api/v1/837
2024-01-15 00:45:17  INFO  Scheduled job completed: 459
2024-01-15 00:45:21  INFO  User login successful for user_id=510
2024-01-15 00:45:22  INFO  API request processed successfully endpoint=/api/v1/37
2024-01-15 00:45:27  INFO  User login successful for user_id=811
2024-01-15 00:45:32  INFO  Scheduled job completed: 576
2024-01-15 00:45:36  WARNING  Slow query detected: 846ms
2024-01-15 00:45:38  INFO  Cache hit for key=574
2024-01-15 00:45:43  INFO  Cache hit for key=734
2024-01-15 00:45:44  INFO  Database query completed in 3ms
2024-01-15 00:45:47  INFO  Cache hit for key=561
2024-01-15 00:45:50  INFO  User login successful for user_id=919
2024-01-15 00:45:54  INFO  API request processed successfully endpoint=/api/v1/110
2024-01-15 00:45:59  INFO  User login successful for user_id=953
2024-01-15 00:46:03  INFO  Database query completed in 734ms
2024-01-15 00:46:04  INFO  User login successful for user_id=949
2024-01-15 00:46:09  INFO  API request processed successfully endpoint=/api/v1/469
2024-01-15 00:46:14  WARNING  High memory usage detected: 987%
2024-01-15 00:46:15  INFO  User login successful for user_id=567
2024-01-15 00:46:19  INFO  API request processed successfully endpoint=/api/v1/947
2024-01-15 00:46:21  INFO  Database query completed in 749ms
2024-01-15 00:46:23  INFO  Scheduled job completed: 621
2024-01-15 00:46:26  INFO  API request processed successfully endpoint=/api/v1/429
2024-01-15 00:46:28  INFO  Cache hit for key=994
2024-01-15 00:46:32  INFO  Database query completed in 423ms
2024-01-15 00:46:37  INFO  Scheduled job completed: 882
2024-01-15 00:46:42  INFO  Database query completed in 215ms
2024-01-15 00:46:45  INFO  Database query completed in 728ms
2024-01-15 00:46:47  INFO  Cache hit for key=728
2024-01-15 00:46:50  INFO  Scheduled job completed: 585
2024-01-15 00:46:54  INFO  Scheduled job completed: 293
2024-01-15 00:46:58  INFO  Scheduled job completed: 110
2024-01-15 00:47:02  INFO  User login successful for user_id=205
2024-01-15 00:47:04  ERROR  Null pointer exception in module=150
2024-01-15 00:47:05  INFO  Cache hit for key=209
2024-01-15 00:47:10  INFO  API request processed successfully endpoint=/api/v1/105
2024-01-15 00:47:15  INFO  Scheduled job completed: 399
2024-01-15 00:47:20  INFO  Cache hit for key=710
2024-01-15 00:47:21  WARNING  Slow query detected: 427ms
2024-01-15 00:47:24  WARNING  High memory usage detected: 14%
2024-01-15 00:47:27  INFO  API request processed successfully endpoint=/api/v1/850
2024-01-15 00:47:30  INFO  Scheduled job completed: 757
2024-01-15 00:47:32  INFO  Database query completed in 302ms
2024-01-15 00:47:34  ERROR  Connection timeout to database host=192
2024-01-15 00:47:36  INFO  User login successful for user_id=387
2024-01-15 00:47:40  INFO  Cache hit for key=134
2024-01-15 00:47:45  INFO  User login successful for user_id=339
2024-01-15 00:47:47  INFO  Cache hit for key=612
2024-01-15 00:47:52  INFO  Cache hit for key=503
2024-01-15 00:47:57  INFO  User login successful for user_id=803
2024-01-15 00:48:00  INFO  Database query completed in 534ms
2024-01-15 00:48:05  INFO  Scheduled job completed: 550
2024-01-15 00:48:06  INFO  Database query completed in 680ms
2024-01-15 00:48:09  INFO  Database query completed in 974ms
2024-01-15 00:48:14  INFO  Scheduled job completed: 844
2024-01-15 00:48:15  INFO  Cache hit for key=457
2024-01-15 00:48:20  INFO  Database query completed in 982ms
2024-01-15 00:48:23  INFO  User login successful for user_id=396
2024-01-15 00:48:28  INFO  User login successful for user_id=934
2024-01-15 00:48:31  INFO  Scheduled job completed: 457
2024-01-15 00:48:32  INFO  Database query completed in 329ms
2024-01-15 00:48:33  WARNING  High memory usage detected: 995%
2024-01-15 00:48:38  INFO  User login successful for user_id=216
2024-01-15 00:48:40  INFO  API request processed successfully endpoint=/api/v1/856
2024-01-15 00:48:42  INFO  API request processed successfully endpoint=/api/v1/663
2024-01-15 00:48:43  INFO  Database query completed in 25ms
2024-01-15 00:48:46  INFO  User login successful for user_id=56
2024-01-15 00:48:49  INFO  Scheduled job completed: 842
2024-01-15 00:48:52  INFO  API request processed successfully endpoint=/api/v1/646
2024-01-15 00:48:56  INFO  API request processed successfully endpoint=/api/v1/690
2024-01-15 00:49:01  INFO  Scheduled job completed: 65
2024-01-15 00:49:06  INFO  User login successful for user_id=367
2024-01-15 00:49:11  INFO  Cache hit for key=622
2024-01-15 00:49:14  INFO  API request processed successfully endpoint=/api/v1/391
2024-01-15 00:49:15  INFO  Scheduled job completed: 226
2024-01-15 00:49:19  INFO  Scheduled job completed: 303
2024-01-15 00:49:21  INFO  Cache hit for key=981
2024-01-15 00:49:22  INFO  Scheduled job completed: 145
2024-01-15 00:49:23  INFO  Scheduled job completed: 404
2024-01-15 00:49:28  WARNING  Slow query detected: 216ms
2024-01-15 00:49:31  INFO  Scheduled job completed: 146
2024-01-15 00:49:33  INFO  Cache hit for key=199
2024-01-15 00:49:35  INFO  Scheduled job completed: 873
2024-01-15 00:49:40  INFO  Scheduled job completed: 75
2024-01-15 00:49:41  INFO  Database query completed in 744ms
2024-01-15 00:49:45  WARNING  Slow query detected: 132ms
2024-01-15 00:49:47  INFO  Scheduled job completed: 72
2024-01-15 00:49:49  INFO  API request processed successfully endpoint=/api/v1/337
2024-01-15 00:49:52  INFO  Database query completed in 580ms
2024-01-15 00:49:55  INFO  API request processed successfully endpoint=/api/v1/173